[debug] [2018-08-07T08:20:52.597Z] ----------------------------------------------------------------------
[debug] [2018-08-07T08:20:52.600Z] Command:       D:\Program Files\nodejs\node.exe D:\Program Files\nodejs\node_modules\firebase-tools\bin\firebase experimental:functions:shell
[debug] [2018-08-07T08:20:52.600Z] CLI Version:   3.19.1
[debug] [2018-08-07T08:20:52.600Z] Platform:      win32
[debug] [2018-08-07T08:20:52.600Z] Node Version:  v6.11.5
[debug] [2018-08-07T08:20:52.601Z] Time:          Tue Aug 07 2018 01:20:52 GMT-0700 (Pacific Daylight Time)
[debug] [2018-08-07T08:20:52.601Z] ----------------------------------------------------------------------
[debug] 
[debug] [2018-08-07T08:20:52.614Z] > command requires scopes: ["email","openid","https://www.googleapis.com/auth/cloudplatformprojects.readonly","https://www.googleapis.com/auth/firebase","https://www.googleapis.com/auth/cloud-platform"]
[debug] [2018-08-07T08:20:52.615Z] > authorizing via signed-in user
[debug] [2018-08-07T08:20:52.617Z] >>> HTTP REQUEST GET https://admin.firebase.com/v1/projects/linkstasite-dev  
  
 Tue Aug 07 2018 01:20:52 GMT-0700 (Pacific Daylight Time)
[debug] [2018-08-07T08:20:53.246Z] <<< HTTP RESPONSE 200
[debug] [2018-08-07T08:20:53.247Z] >>> HTTP REQUEST GET https://admin.firebase.com/v1/database/linkstasite-dev/tokens  
  
 Tue Aug 07 2018 01:20:53 GMT-0700 (Pacific Daylight Time)
[debug] [2018-08-07T08:21:09.689Z] ----------------------------------------------------------------------
[debug] [2018-08-07T08:21:09.691Z] Command:       D:\Program Files\nodejs\node.exe D:\Program Files\nodejs\node_modules\firebase-tools\bin\firebase experimental:functions:shell
[debug] [2018-08-07T08:21:09.691Z] CLI Version:   3.19.1
[debug] [2018-08-07T08:21:09.691Z] Platform:      win32
[debug] [2018-08-07T08:21:09.691Z] Node Version:  v6.11.5
[debug] [2018-08-07T08:21:09.692Z] Time:          Tue Aug 07 2018 01:21:09 GMT-0700 (Pacific Daylight Time)
[debug] [2018-08-07T08:21:09.692Z] ----------------------------------------------------------------------
[debug] 
[debug] [2018-08-07T08:21:09.704Z] > command requires scopes: ["email","openid","https://www.googleapis.com/auth/cloudplatformprojects.readonly","https://www.googleapis.com/auth/firebase","https://www.googleapis.com/auth/cloud-platform"]
[debug] [2018-08-07T08:21:09.704Z] > authorizing via signed-in user
[debug] [2018-08-07T08:21:09.706Z] >>> HTTP REQUEST GET https://admin.firebase.com/v1/projects/linkstasite-dev  
  
 Tue Aug 07 2018 01:21:09 GMT-0700 (Pacific Daylight Time)
[debug] [2018-08-07T08:21:10.191Z] <<< HTTP RESPONSE 200
[debug] [2018-08-07T08:21:10.191Z] >>> HTTP REQUEST GET https://admin.firebase.com/v1/database/linkstasite-dev/tokens  
  
 Tue Aug 07 2018 01:21:10 GMT-0700 (Pacific Daylight Time)
